#
# There is insufficient memory for the Java Runtime Environment to continue.
# Native memory allocation (mmap) failed to map 125829120 bytes for G1 virtual space
# Possible reasons:
#   The system is out of physical RAM or swap space
#   The process is running with CompressedOops enabled, and the Java Heap may be blocking the growth of the native heap
# Possible solutions:
#   Reduce memory load on the system
#   Increase physical memory or swap space
#   Check if swap backing store is full
#   Decrease Java heap size (-Xmx/-Xms)
#   Decrease number of Java threads
#   Decrease Java thread stack sizes (-Xss)
#   Set larger code cache with -XX:ReservedCodeCacheSize=
#   JVM is running with Unscaled Compressed Oops mode in which the Java heap is
#     placed in the first 4GB address space. The Java Heap base address is the
#     maximum limit for the native heap growth. Please use -XX:HeapBaseMinAddress
#     to set the Java Heap base and to place the Java Heap above 4GB virtual address.
# This output file may be truncated or incomplete.
#
#  Out of Memory Error (os_windows.cpp:3541), pid=15640, tid=9600
#
# JRE version:  (17.0.5+9) (build )
# Java VM: Java HotSpot(TM) 64-Bit Server VM (17.0.5+9-LTS-191, mixed mode, emulated-client, sharing, tiered, compressed oops, compressed class ptrs, g1 gc, windows-amd64)
# No core dump will be written. Minidumps are not enabled by default on client versions of Windows
#

---------------  S U M M A R Y ------------

Command Line: -XX:TieredStopAtLevel=1 -Xverify:none -Dspring.output.ansi.enabled=always -javaagent:D:\Программы\IntelliJ IDEA 2020.3.2\lib\idea_rt.jar=51524:D:\Программы\IntelliJ IDEA 2020.3.2\bin -Dcom.sun.management.jmxremote -Dspring.jmx.enabled=true -Dspring.liveBeansView.mbeanDomain -Dspring.application.admin.enabled=true -Dfile.encoding=UTF-8 com.example.clevertec.ClevertecApplication

Host: AMD Ryzen 5 3550H with Radeon Vega Mobile Gfx  , 8 cores, 7G,  Windows 10 , 64 bit Build 19041 (10.0.19041.2251)
Time: Fri Dec 16 18:05:12 2022 RTZ 2 (s 10 , 64 bit Build 19041 (10.0.19041.2251) elapsed time: 0.037440 seconds (0d 0h 0m 0s)

---------------  T H R E A D  ---------------

Current thread (0x000001bd2c7b4cd0):  JavaThread "Unknown thread" [_thread_in_vm, id=9600, stack(0x00000006e5900000,0x00000006e5a00000)]

Stack: [0x00000006e5900000,0x00000006e5a00000]
Native frames: (J=compiled Java code, j=interpreted, Vv=VM code, C=native code)
V  [jvm.dll+0x672eea]
V  [jvm.dll+0x7d2a04]
V  [jvm.dll+0x7d41ae]
V  [jvm.dll+0x7d4813]
V  [jvm.dll+0x242c15]
V  [jvm.dll+0x66fe09]
V  [jvm.dll+0x664682]
V  [jvm.dll+0x300e8b]
V  [jvm.dll+0x308426]
V  [jvm.dll+0x357ffe]
V  [jvm.dll+0x35822f]
V  [jvm.dll+0x2d80a8]
V  [jvm.dll+0x2d9014]
V  [jvm.dll+0x7a44e1]
V  [jvm.dll+0x365df1]
V  [jvm.dll+0x7838fc]
V  [jvm.dll+0x3e873f]
V  [jvm.dll+0x3ea1e1]
C  [jli.dll+0x527b]
C  [ucrtbase.dll+0x21bb2]
C  [KERNEL32.DLL+0x174b4]
C  [ntdll.dll+0x526a1]


---------------  P R O C E S S  ---------------

Threads class SMR info:
_java_thread_list=0x00007ff95c88a8d8, length=0, elements={
}

Java Threads: ( => current thread )

Other Threads:
  0x000001bd2c80c320 GCTaskThread "GC Thread#0" [stack: 0x00000006e5a00000,0x00000006e5b00000] [id=8904]
  0x000001bd2c81d070 ConcurrentGCThread "G1 Main Marker" [stack: 0x00000006e5b00000,0x00000006e5c00000] [id=10200]
  0x000001bd2c81da80 ConcurrentGCThread "G1 Conc#0" [stack: 0x00000006e5c00000,0x00000006e5d00000] [id=9920]

[error occurred during error reporting (printing all threads), id 0xc0000005, EXCEPTION_ACCESS_VIOLATION (0xc0000005) at pc=0x00007ff95c0d8a97]

VM state: not at safepoint (not fully initialized)

VM Mutex/Monitor currently owned by a thread:  ([mutex/lock_event])
[0x000001bd2c7b0950] Heap_lock - owner thread: 0x000001bd2c7b4cd0

Heap address: 0x0000000089000000, size: 1904 MB, Compressed Oops mode: 32-bit

CDS archive(s) mapped at: [0x0000000000000000-0x0000000000000000-0x0000000000000000), size 0, SharedBaseAddress: 0x0000000800000000, ArchiveRelocationMode: 0.
Narrow klass base: 0x0000000000000000, Narrow klass shift: 0, Narrow klass range: 0x0

GC Precious Log:
<Empty>

Heap:
 garbage-first heap   total 0K, used 0K [0x0000000089000000, 0x0000000100000000)
  region size 1024K, 0 young (0K), 0 survivors (0K)

[error occurred during error reporting (printing heap information), id 0xc0000005, EXCEPTION_ACCESS_VIOLATION (0xc0000005) at pc=0x00007ff95c4bc399]

GC Heap History (0 events):
No events

Deoptimization events (0 events):
No events

Classes unloaded (0 events):
No events

Classes redefined (0 events):
No events

Internal exceptions (0 events):
No events

VM Operations (0 events):
No events

Events (1 events):
Event: 0.024 Loaded shared library C:\Program Files\Java\jdk-17.0.5\bin\java.dll


Dynamic libraries:
0x00007ff6c7a30000 - 0x00007ff6c7a40000 	C:\Program Files\Java\jdk-17.0.5\bin\java.exe
0x00007ff9a8670000 - 0x00007ff9a8868000 	C:\Windows\SYSTEM32\ntdll.dll
0x00007ff9a74d0000 - 0x00007ff9a758f000 	C:\Windows\System32\KERNEL32.DLL
0x00007ff9a5e50000 - 0x00007ff9a6122000 	C:\Windows\System32\KERNELBASE.dll
0x00007ff9a6130000 - 0x00007ff9a6230000 	C:\Windows\System32\ucrtbase.dll
0x00007ff98e340000 - 0x00007ff98e358000 	C:\Program Files\Java\jdk-17.0.5\bin\jli.dll
0x00007ff98e380000 - 0x00007ff98e39a000 	C:\Program Files\Java\jdk-17.0.5\bin\VCRUNTIME140.dll
0x00007ff9a66c0000 - 0x00007ff9a676e000 	C:\Windows\System32\ADVAPI32.dll
0x00007ff9a7590000 - 0x00007ff9a762e000 	C:\Windows\System32\msvcrt.dll
0x00007ff9a8300000 - 0x00007ff9a839c000 	C:\Windows\System32\sechost.dll
0x00007ff9a6be0000 - 0x00007ff9a6d05000 	C:\Windows\System32\RPCRT4.dll
0x00007ff9a8130000 - 0x00007ff9a82cd000 	C:\Windows\System32\USER32.dll
0x00007ff9a5d70000 - 0x00007ff9a5d92000 	C:\Windows\System32\win32u.dll
0x00007ff98eb80000 - 0x00007ff98ee1a000 	C:\Windows\WinSxS\amd64_microsoft.windows.common-controls_6595b64144ccf1df_6.0.19041.1110_none_60b5254171f9507e\COMCTL32.dll
0x00007ff9a82d0000 - 0x00007ff9a82fb000 	C:\Windows\System32\GDI32.dll
0x00007ff9a6320000 - 0x00007ff9a642f000 	C:\Windows\System32\gdi32full.dll
0x00007ff9a6230000 - 0x00007ff9a62cd000 	C:\Windows\System32\msvcp_win.dll
0x00007ff99d8f0000 - 0x00007ff99d8fa000 	C:\Windows\SYSTEM32\VERSION.dll
0x00007ff9a6840000 - 0x00007ff9a6872000 	C:\Windows\System32\IMM32.DLL
0x00007ff990e20000 - 0x00007ff990e2c000 	C:\Program Files\Java\jdk-17.0.5\bin\vcruntime140_1.dll
0x00007ff975540000 - 0x00007ff9755cd000 	C:\Program Files\Java\jdk-17.0.5\bin\msvcp140.dll
0x00007ff95bdf0000 - 0x00007ff95c9b2000 	C:\Program Files\Java\jdk-17.0.5\bin\server\jvm.dll
0x00007ff9a7fc0000 - 0x00007ff9a7fc8000 	C:\Windows\System32\PSAPI.DLL
0x00007ff992a70000 - 0x00007ff992a79000 	C:\Windows\SYSTEM32\WSOCK32.dll
0x00007ff99bcc0000 - 0x00007ff99bce7000 	C:\Windows\SYSTEM32\WINMM.dll
0x00007ff9a8400000 - 0x00007ff9a846b000 	C:\Windows\System32\WS2_32.dll
0x00007ff9a3b50000 - 0x00007ff9a3b62000 	C:\Windows\SYSTEM32\kernel.appcore.dll
0x00007ff98e370000 - 0x00007ff98e37a000 	C:\Program Files\Java\jdk-17.0.5\bin\jimage.dll
0x00007ff992c50000 - 0x00007ff992e34000 	C:\Windows\SYSTEM32\DBGHELP.DLL
0x00007ff98eb50000 - 0x00007ff98eb7c000 	C:\Windows\SYSTEM32\dbgcore.DLL
0x00007ff9a64a0000 - 0x00007ff9a6522000 	C:\Windows\System32\bcryptPrimitives.dll
0x00007ff98af90000 - 0x00007ff98af9e000 	C:\Program Files\Java\jdk-17.0.5\bin\instrument.dll
0x00007ff98cdf0000 - 0x00007ff98ce15000 	C:\Program Files\Java\jdk-17.0.5\bin\java.dll

dbghelp: loaded successfully - version: 4.0.5 - missing functions: none
symbol engine: initialized successfully - sym options: 0x614 - pdb path: .;C:\Program Files\Java\jdk-17.0.5\bin;C:\Windows\SYSTEM32;C:\Windows\WinSxS\amd64_microsoft.windows.common-controls_6595b64144ccf1df_6.0.19041.1110_none_60b5254171f9507e;C:\Program Files\Java\jdk-17.0.5\bin\server

VM Arguments:
jvm_args: -XX:TieredStopAtLevel=1 -Xverify:none -Dspring.output.ansi.enabled=always -javaagent:D:\Программы\IntelliJ IDEA 2020.3.2\lib\idea_rt.jar=51524:D:\Программы\IntelliJ IDEA 2020.3.2\bin -Dcom.sun.management.jmxremote -Dspring.jmx.enabled=true -Dspring.liveBeansView.mbeanDomain -Dspring.application.admin.enabled=true -Dfile.encoding=UTF-8 
java_command: com.example.clevertec.ClevertecApplication
java_class_path (initial): D:\ClevertecTestTask\ClevertecTestTask\clevertec\build\classes\java\main;D:\ClevertecTestTask\ClevertecTestTask\clevertec\build\resources\main;C:\Users\Пользователь\.gradle\caches\modules-2\files-2.1\org.projectlombok\lombok\1.18.24\13a394eed5c4f9efb2a6d956e2086f1d81e857d9\lombok-1.18.24.jar;C:\Users\Пользователь\.gradle\caches\modules-2\files-2.1\org.springframework.boot\spring-boot-starter-data-jpa\2.7.6\7eef599012347f2fb7f84ba71eba10caf094dfb5\spring-boot-starter-data-jpa-2.7.6.jar;C:\Users\Пользователь\.gradle\caches\modules-2\files-2.1\org.springframework.boot\spring-boot-starter-web\2.7.6\9d0166a0390df593243bdc798ca7a1db20ddea9c\spring-boot-starter-web-2.7.6.jar;C:\Users\Пользователь\.gradle\caches\modules-2\files-2.1\org.modelmapper\modelmapper\3.1.0\a3727e6b449dfc9d9052d48185d1eeb029faaf12\modelmapper-3.1.0.jar;C:\Users\Пользователь\.gradle\caches\modules-2\files-2.1\org.springframework.boot\spring-boot-starter-validation\2.4.0\739a3c3d0b08be3c8dfbed08c26b6a633148e186\spring-boot-starter-validation-2.4.0.jar;C:\Users\Пользователь\.gradle\caches\modules-2\files-2.1\org.springframework.boot\spring-boot-starter-aop\2.7.6\23061de1832242610092f212f99d49b9a4955a9d\spring-boot-starter-aop-2.7.6.jar;C:\Users\Пользователь\.gradle\caches\modules-2\files-2.1\org.springframework.boot\spring-boot-starter-jdbc\2.7.6\9db6def4ba06a11b67f0de3eac83441d00350dd6\spring-boot-starter-jdbc-2.7.6.jar;C:\Users\Пользователь\.gradle\caches\modules-2\files-2.1\jakarta.transaction\jakarta.transaction-api\1.3.3\c4179d48720a1e87202115fbed6089bdc4195405\jakarta.transaction-api-1.3.3.jar;C:\Users\Пользователь\.gradle\caches\modules-2\files-2.1\jakarta.persistence\jakarta.persistence-api\2.2.3\8f6ea5daedc614f07a3654a455660145286f024e\jakarta.persistence-api-2.2.3.jar;C:\Users\Пользователь\.gradle\caches\modules-2\files-2.1\org.hibernate\hibernate-core\5.6.14.Final\71e407089b71ed7c6e99385fd851c308fed7be44\hibernate-core-5.6.14.Final.jar;C:\Users\Пользователь\.grad
Launcher Type: SUN_STANDARD

[Global flags]
     intx CICompilerCount                          = 4                                         {product} {ergonomic}
     uint ConcGCThreads                            = 2                                         {product} {ergonomic}
     uint G1ConcRefinementThreads                  = 8                                         {product} {ergonomic}
   size_t G1HeapRegionSize                         = 1048576                                   {product} {ergonomic}
    uintx GCDrainStackTargetSize                   = 64                                        {product} {ergonomic}
   size_t InitialHeapSize                          = 125829120                                 {product} {ergonomic}
     bool ManagementServer                         = true                                      {product} {command line}
   size_t MarkStackSize                            = 4194304                                   {product} {ergonomic}
   size_t MaxHeapSize                              = 1996488704                                {product} {ergonomic}
   size_t MinHeapDeltaBytes                        = 1048576                                   {product} {ergonomic}
   size_t MinHeapSize                              = 8388608                                   {product} {ergonomic}
    uintx NonProfiledCodeHeapSize                  = 0                                      {pd product} {ergonomic}
     bool ProfileInterpreter                       = false                                  {pd product} {command line}
    uintx ProfiledCodeHeapSize                     = 0                                      {pd product} {ergonomic}
   size_t SoftMaxHeapSize                          = 1996488704                             {manageable} {ergonomic}
     intx TieredStopAtLevel                        = 1                                         {product} {command line}
     bool UseCompressedClassPointers               = true                           {product lp64_product} {ergonomic}
     bool UseCompressedOops                        = true                           {product lp64_product} {ergonomic}
     bool UseG1GC                                  = true                                      {product} {ergonomic}
     bool UseLargePagesIndividualAllocation        = false                                  {pd product} {ergonomic}

Logging:
Log output configuration:
 #0: stdout all=warning uptime,level,tags
 #1: stderr all=off uptime,level,tags

Environment Variables:
JAVA_HOME=C:\Program Files\Java\jdk-17.0.5
PATH=C:\Program Files\Common Files\Oracle\Java\javapath;C:\Program Files\Microsoft MPI\Bin\;C:\Windows\system32;C:\Windows;C:\Windows\System32\Wbem;C:\Windows\System32\WindowsPowerShell\v1.0\;C:\Windows\System32\OpenSSH\;C:\Program Files\Common Files\Autodesk Shared\;C:\Program Files\Microsoft SQL Server\120\Tools\Binn\;C:\Program Files (x86)\dotnet\;D:\Git\cmd;C:\Program Files\Microsoft SQL Server\130\Tools\Binn\;C:\Program Files\Microsoft SQL Server\Client SDK\ODBC\170\Tools\Binn\;C:\Program Files (x86)\Microsoft SQL Server\150\Tools\Binn\;C:\Program Files\Microsoft SQL Server\150\Tools\Binn\;C:\Program Files (x86)\Microsoft SQL Server\150\DTS\Binn\;C:\Program Files\Microsoft SQL Server\150\DTS\Binn\;C:\Program Files\Azure Data Studio\bin;C:\Program Files\nodejs\;C:\Program Files\Java\jdk-11.0.13\bin;%MAVEN_HOME%\bin;C:\Program Files\dotnet\;D:\Python1122\Scripts\;D:\Python1122\;C:\Users\Пользователь\AppData\Local\Microsoft\WindowsApps;C:\Users\Пользователь\.dotnet\tools;D:\Программы\IntelliJ IDEA 2020.3.2\bin;;C:\Program Files\Azure Data Studio\bin;C:\Users\Пользователь\AppData\Roaming\npm;C:\Program Files\apache-maven-3.8.4\bin;C:\Program Files\gradle-7.6\bin;C:\Program Files\Java\jdk-17.0.5\bin;
USERNAME=Пользователь
OS=Windows_NT
PROCESSOR_IDENTIFIER=AMD64 Family 23 Model 24 Stepping 1, AuthenticAMD



---------------  S Y S T E M  ---------------

OS:
 Windows 10 , 64 bit Build 19041 (10.0.19041.2251)
OS uptime: 30 days 2:58 hours

CPU: total 8 (initial active 8) (8 cores per cpu, 2 threads per core) family 23 model 24 stepping 1 microcode 0x0, cx8, cmov, fxsr, ht, mmx, 3dnowpref, sse, sse2, sse3, ssse3, sse4a, sse4.1, sse4.2, popcnt, lzcnt, tsc, tscinvbit, avx, avx2, aes, clmul, bmi1, bmi2, adx, sha, fma, vzeroupper, clflush, clflushopt

Memory: 4k page, system-wide physical 7613M (279M free)
TotalPageFile size 16085M (AvailPageFile size 81M)
current process WorkingSet (physical memory assigned to process): 10M, peak: 10M
current process commit charge ("private bytes"): 55M, peak: 175M

vm_info: Java HotSpot(TM) 64-Bit Server VM (17.0.5+9-LTS-191) for windows-amd64 JRE (17.0.5+9-LTS-191), built on Sep 13 2022 17:31:43 by "mach5one" with MS VC++ 16.8 / 16.9 (VS2019)

END.
